<?xml version="1.0" encoding="UTF-8"?>
<testsuite name="Tests" tests="1" skipped="0" failures="0" errors="0" timestamp="2020-05-02T06:08:13" hostname="LAPTOP-ETQC0T9G" time="0.021">
  <properties/>
  <testcase name="ChackingDelete()" classname="Tests" time="0.021"/>
  <system-out><![CDATA[]]></system-out>
  <system-err><![CDATA[]]></system-err>
</testsuite>
